2025-08-12T02:09:46.182Z | Player "v1pa03z" won "Short Layered Bob" | 
2025-08-12T02:09:56.319Z | Player "v1pa03z" won "Anesidora Set" | 
2025-08-12T02:13:48.360Z | Player "v1pa03z" won "Short Layered Bob" | 
2025-08-12T02:13:50.651Z | Player "v1pa03z" won "Short Layered Bob" | 
2025-08-12T02:13:54.989Z | Player "v1pa03z" won "Anesidora Set" | 
2025-08-12T02:15:36.576Z | Player "v1pa03z" won "item2" | 
2025-08-12T02:15:49.780Z | Player "v1pa03z" won "item2" | 
2025-08-12T02:16:03.061Z | Player "v1pa03z" won "Short Layered Bob" | 
2025-08-12T02:16:30.839Z | Player "v1pa03z" won "Anesidora Set" | 
2025-09-03T23:39:54.886Z | Player "v1pa03z" won "item2" | 
2025-09-03T23:40:33.572Z | Player "v1pa03z" won "Anesidora Set" | 
2025-09-03T23:41:04.684Z | Player "v1pa03z" won "Dark Robe (Noami)" | 
2025-09-03T23:41:43.771Z | Player "v1pa03z" won "Short Layered Bob" | 
2025-09-03T23:42:03.693Z | Player "v1pa03z" won "item2" | 
2025-09-03T23:43:25.677Z | Player "v1pa03z" won "Short Layered Bob" | 
2025-09-03T23:44:30.932Z | Player "v1pa03z" won "item2" | 
2025-09-03T23:44:50.676Z | Player "v1pa03z" won "item2" | 
2025-09-03T23:46:56.203Z | Player "v1pa03z" won "Short Layered Bob" | 
2025-09-03T23:47:42.961Z | Player "v1pa03z" won "Short Layered Bob" | 
2025-09-03T23:48:30.859Z | Player "v1pa03z" won "Short Layered Bob" | 
2025-09-03T23:48:42.873Z | Player "v1pa03z" won "Dark Robe (Noami)" | 
2025-09-03T23:50:13.796Z | Player "v1pa03z" won "Dark Robe (Noami)" | 
2025-09-04T00:03:35.560Z | Player "v1pa03z" won "Anesidora Set" | 
2025-09-05T17:29:41.466Z | Player "v1paddx" won "Anesidora Set" | 
2025-09-05T17:29:46.463Z | Player "v1paddx" won "Anesidora Set" | 
2025-09-05T17:29:48.179Z | Player "v1paddx" won "Anesidora Set" | 
2025-09-05T17:29:49.362Z | Player "v1paddx" won "Anesidora Set" | 
2025-09-05T17:29:51.137Z | Player "v1paddx" won "Anesidora Set" | 
2025-09-05T17:30:51.597Z | Player "v1paddx" won "Anesidora Set" | 
2025-09-05T17:32:05.769Z | Player "v1paddx" won "Anesidora Set" | 
2025-09-05T17:35:29.199Z | Player "v1paddx" won "Anesidora Set" | 
2025-09-05T17:36:02.174Z | Player "v1paddx" won "Anesidora Set" | 
2025-09-05T17:38:12.803Z | Player "v1paddx" won "Anesidora Set" | 
2025-09-05T17:40:03.177Z | Player "v1paddx" won "Anesidora Set" | 
2025-09-05T17:40:33.989Z | Player "v1paddx" won "Anesidora Set" | 
2025-09-05T17:44:06.019Z | Player "v1paddx" won "Anesidora Set" | 
2025-09-05T17:45:45.320Z | Player "v1paddx" won "Anesidora Set" | 
2025-09-05T17:46:17.258Z | Player "v1paddx" won "Anesidora Set" | 
2025-09-05T17:52:17.518Z | Player "v1paddx" won "Anesidora Set" | 
2025-09-05T17:53:33.180Z | Player "v1paddx" won "Anesidora Set" | 
2025-09-05T17:54:47.445Z | Player "v1paddx" won "Anesidora Set" | 
2025-09-05T17:55:37.547Z | Player "v1paddx" won "Anesidora Set" | 
2025-09-05T18:18:03.806Z | Player "v1paddx" won "Anesidora Set" | 
2025-09-05T18:19:29.905Z | Player "v1paddx" won "Anesidora Set" | 
2025-09-05T18:30:23.996Z | Player "v1pa03z" won "Anesidora Set" | 
